[2019-06-26 20:46:05] request.INFO: Matched route "admin_payment_methods". {"route":"admin_payment_methods","route_parameters":{"_controller":"PrestaShopBundle\\Controller\\Admin\\Improve\\Payment\\PaymentMethodsController::indexAction","_legacy_controller":"AdminPayment","_legacy_link":"AdminPayment","_route":"admin_payment_methods"},"request_uri":"http://localhost/ps1752/admini2/index.php/improve/payment/payment_methods?_token=Z6t_BfGuCkckmV-4qJB_D5l_E0uqKHZWPxkgaGkLKpI&_token=Z6t_BfGuCkckmV-4qJB_D5l_E0uqKHZWPxkgaGkLKpI","method":"GET"} []
[2019-06-26 20:46:05] security.DEBUG: Read existing security token from the session. {"key":"_security_main","token_class":"Symfony\\Component\\Security\\Core\\Authentication\\Token\\UsernamePasswordToken"} []
[2019-06-26 20:46:05] security.DEBUG: User was reloaded from a user provider. {"provider":"PrestaShopBundle\\Security\\Admin\\EmployeeProvider","username":"donotdont1990@hotmail.com"} []
[2019-06-26 20:46:11] app.ERROR: Data from PrestaShop Addons is invalid, and cannot fallback on cache.  {"exception":"cURL error 28: Operation timed out after 5000 milliseconds with 216715 bytes received"} []
[2019-06-26 20:46:11] security.DEBUG: Stored the security token in the session. {"key":"_security_main"} []
[2019-06-26 20:46:17] request.INFO: Matched route "admin_module_configure_action". {"route":"admin_module_configure_action","route_parameters":{"_controller":"PrestaShopBundle\\Controller\\Admin\\Improve\\ModuleController::configureModuleAction","_legacy_controller":"AdminModules","module_name":"ps_wirepayment","_route":"admin_module_configure_action"},"request_uri":"http://localhost/ps1752/admini2/index.php/improve/modules/manage/action/configure/ps_wirepayment?_token=Z6t_BfGuCkckmV-4qJB_D5l_E0uqKHZWPxkgaGkLKpI","method":"GET"} []
[2019-06-26 20:46:46] security.DEBUG: Read existing security token from the session. {"key":"_security_main","token_class":"Symfony\\Component\\Security\\Core\\Authentication\\Token\\UsernamePasswordToken"} []
[2019-06-26 20:46:46] security.DEBUG: User was reloaded from a user provider. {"provider":"PrestaShopBundle\\Security\\Admin\\EmployeeProvider","username":"donotdont1990@hotmail.com"} []
[2019-06-26 20:46:51] app.ERROR: Data from PrestaShop Addons is invalid, and cannot fallback on cache.  {"exception":"cURL error 28: Operation timed out after 5000 milliseconds with 103348 bytes received"} []
[2019-06-26 20:46:51] security.DEBUG: Stored the security token in the session. {"key":"_security_main"} []
[2019-06-26 21:10:15] request.INFO: Matched route "admin_payment_methods". {"route":"admin_payment_methods","route_parameters":{"_controller":"PrestaShopBundle\\Controller\\Admin\\Improve\\Payment\\PaymentMethodsController::indexAction","_legacy_controller":"AdminPayment","_legacy_link":"AdminPayment","_route":"admin_payment_methods"},"request_uri":"http://localhost/ps1752/admini2/index.php/improve/payment/payment_methods?_token=Z6t_BfGuCkckmV-4qJB_D5l_E0uqKHZWPxkgaGkLKpI","method":"GET"} []
[2019-06-26 21:10:15] security.DEBUG: Read existing security token from the session. {"key":"_security_main","token_class":"Symfony\\Component\\Security\\Core\\Authentication\\Token\\UsernamePasswordToken"} []
[2019-06-26 21:10:15] security.DEBUG: User was reloaded from a user provider. {"provider":"PrestaShopBundle\\Security\\Admin\\EmployeeProvider","username":"donotdont1990@hotmail.com"} []
[2019-06-26 21:10:21] app.ERROR: Data from PrestaShop Addons is invalid, and cannot fallback on cache.  {"exception":"cURL error 28: Operation timed out after 5000 milliseconds with 91764 bytes received"} []
[2019-06-26 21:10:21] security.DEBUG: Stored the security token in the session. {"key":"_security_main"} []
[2019-06-26 21:10:43] request.INFO: Matched route "admin_module_notification_count". {"route":"admin_module_notification_count","route_parameters":{"_controller":"PrestaShopBundle\\Controller\\Admin\\Improve\\Modules\\AlertsController::notificationsCountAction","_legacy_controller":"AdminModulesNotifications","_legacy_link":"AdminModulesNotifications:count","_route":"admin_module_notification_count"},"request_uri":"http://localhost/ps1752/admini2/index.php/improve/modules/alerts/count?_token=Z6t_BfGuCkckmV-4qJB_D5l_E0uqKHZWPxkgaGkLKpI","method":"GET"} []
[2019-06-26 21:10:43] security.DEBUG: Read existing security token from the session. {"key":"_security_main","token_class":"Symfony\\Component\\Security\\Core\\Authentication\\Token\\UsernamePasswordToken"} []
[2019-06-26 21:10:43] security.DEBUG: User was reloaded from a user provider. {"provider":"PrestaShopBundle\\Security\\Admin\\EmployeeProvider","username":"donotdont1990@hotmail.com"} []
[2019-06-26 21:10:48] app.ERROR: Data from PrestaShop Addons is invalid, and cannot fallback on cache.  {"exception":"cURL error 28: Operation timed out after 5000 milliseconds with 304822 bytes received"} []
[2019-06-26 21:10:49] security.DEBUG: Stored the security token in the session. {"key":"_security_main"} []
